{"level":"info","time":"2026-06-21T16:08:00Z","message":"Thank you for trying Cloudflare Tunnel. Doing so, without a Cloudflare account, is a quick way to experiment and try it out. However, be aware that these account-less Tunnels have no uptime guarantee, are subject to the Cloudflare Online Services Terms of Use (https://www.cloudflare.com/website-terms/), and Cloudflare reserves the right to investigate your use of Tunnels for violations of such terms. If you intend to use Tunnels in production you should use a pre-created named tunnel by following: https://developers.cloudflare.com/cloudflare-one/connections/connect-apps"}
{"level":"info","time":"2026-06-21T16:08:00Z","message":"Requesting new quick Tunnel on trycloudflare.com..."}
{"level":"info","time":"2026-06-21T16:08:05Z","message":"+--------------------------------------------------------------------------------------------+"}
{"level":"info","time":"2026-06-21T16:08:05Z","message":"|  Your quick Tunnel has been created! Visit it at (it may take some time to be reachable):  |"}
{"level":"info","time":"2026-06-21T16:08:05Z","message":"|  https://cattle-printer-attacks-subsequent.trycloudflare.com                               |"}
{"level":"info","time":"2026-06-21T16:08:05Z","message":"+--------------------------------------------------------------------------------------------+"}
{"level":"info","time":"2026-06-21T16:08:05Z","message":"Cannot determine default configuration path. No file [config.yml config.yaml] in [~/.cloudflared ~/.cloudflare-warp ~/cloudflare-warp]"}
{"level":"info","time":"2026-06-21T16:08:05Z","message":"Version 2026.6.1 (Checksum 5253e66f1f493c4e13539749f1aa86fd0c61e3072900fec29a44ba046a6d97e2)"}
{"level":"info","time":"2026-06-21T16:08:06Z","message":"GOOS: windows, GOVersion: go1.26.4, GoArch: amd64"}
{"level":"info","time":"2026-06-21T16:08:06Z","message":"Settings: map[ha-connections:1 logfile:G:\\ugc-net-hindi-master\\.logs\\cloudflared.log no-autoupdate:true protocol:quic url:http://localhost:3000]"}
{"level":"info","time":"2026-06-21T16:08:06Z","message":"cloudflared will not automatically update on Windows systems."}
{"level":"info","time":"2026-06-21T16:08:06Z","message":"Generated Connector ID: 033a2dbe-405f-4b4e-800e-9e8bee0e5623"}
{"level":"info","time":"2026-06-21T16:08:06Z","message":"Initial protocol quic"}
{"level":"info","time":"2026-06-21T16:08:06Z","message":"ICMP proxy will use 192.168.29.202 as source for IPv4"}
{"level":"info","time":"2026-06-21T16:08:06Z","message":"ICMP proxy will use ::1 in zone Loopback Pseudo-Interface 1 as source for IPv6"}
{"level":"info","time":"2026-06-21T16:08:06Z","message":"cloudflared does not support loading the system root certificate pool on Windows. Please use --origin-ca-pool <PATH> to specify the path to the certificate pool"}
{"level":"info","time":"2026-06-21T16:08:06Z","message":"ICMP proxy will use 192.168.29.202 as source for IPv4"}
{"level":"info","event":0,"ip":"198.41.192.67","connIndex":0,"time":"2026-06-21T16:08:06Z","message":"Tunnel connection curve preferences: [X25519MLKEM768 CurveID(65074) CurveP256]"}
{"level":"info","time":"2026-06-21T16:08:06Z","message":"ICMP proxy will use ::1 in zone Loopback Pseudo-Interface 1 as source for IPv6"}
{"level":"info","time":"2026-06-21T16:08:06Z","message":"Starting metrics server on 127.0.0.1:20241/metrics"}
{"level":"info","time":"2026-06-21T16:08:06Z","message":"+-------------------------------------------------------------------------------------+"}
{"level":"info","time":"2026-06-21T16:08:06Z","message":"|                               CONNECTIVITY PRE-CHECKS                               |"}
{"level":"info","time":"2026-06-21T16:08:06Z","message":"+-------------------------------------------------------------------------------------+"}
{"level":"info","time":"2026-06-21T16:08:06Z","message":"|  COMPONENT         TARGET                     STATUS  DETAILS                       |"}
{"level":"info","time":"2026-06-21T16:08:06Z","message":"|  DNS Resolution    region1.v2.argotunnel.com  PASS    DNS Resolved successfully     |"}
{"level":"info","time":"2026-06-21T16:08:06Z","message":"|  DNS Resolution    region2.v2.argotunnel.com  PASS    DNS Resolved successfully     |"}
{"level":"info","time":"2026-06-21T16:08:06Z","message":"|  UDP Connectivity  region1.v2.argotunnel.com  PASS    QUIC connection successful    |"}
{"level":"info","time":"2026-06-21T16:08:06Z","message":"|  UDP Connectivity  region2.v2.argotunnel.com  PASS    QUIC connection successful    |"}
{"level":"info","time":"2026-06-21T16:08:06Z","message":"|  TCP Connectivity  region1.v2.argotunnel.com  PASS    HTTP/2 connection successful  |"}
{"level":"info","time":"2026-06-21T16:08:06Z","message":"|  TCP Connectivity  region2.v2.argotunnel.com  PASS    HTTP/2 connection successful  |"}
{"level":"info","time":"2026-06-21T16:08:06Z","message":"|  Cloudflare API    api.cloudflare.com:443     PASS    API is reachable              |"}
{"level":"info","time":"2026-06-21T16:08:06Z","message":"|                                                                                     |"}
{"level":"info","time":"2026-06-21T16:08:06Z","message":"|  SUMMARY: Environment is healthy. cloudflared will use 'quic' as primary protocol.  |"}
{"level":"info","time":"2026-06-21T16:08:06Z","message":"+-------------------------------------------------------------------------------------+"}
{"level":"info","run_id":"d01def66-64b5-4e6e-8c0a-dc74fc5d3eb3","component":"DNS Resolution","target":"region1.v2.argotunnel.com","status":"pass","details":"DNS Resolved successfully","time":"2026-06-21T16:08:06Z","message":"precheck"}
{"level":"info","run_id":"d01def66-64b5-4e6e-8c0a-dc74fc5d3eb3","component":"DNS Resolution","target":"region2.v2.argotunnel.com","status":"pass","details":"DNS Resolved successfully","time":"2026-06-21T16:08:06Z","message":"precheck"}
{"level":"info","run_id":"d01def66-64b5-4e6e-8c0a-dc74fc5d3eb3","component":"UDP Connectivity","target":"region1.v2.argotunnel.com","status":"pass","details":"QUIC connection successful","time":"2026-06-21T16:08:06Z","message":"precheck"}
{"level":"info","run_id":"d01def66-64b5-4e6e-8c0a-dc74fc5d3eb3","component":"UDP Connectivity","target":"region2.v2.argotunnel.com","status":"pass","details":"QUIC connection successful","time":"2026-06-21T16:08:06Z","message":"precheck"}
{"level":"info","run_id":"d01def66-64b5-4e6e-8c0a-dc74fc5d3eb3","component":"TCP Connectivity","target":"region1.v2.argotunnel.com","status":"pass","details":"HTTP/2 connection successful","time":"2026-06-21T16:08:06Z","message":"precheck"}
{"level":"info","run_id":"d01def66-64b5-4e6e-8c0a-dc74fc5d3eb3","component":"TCP Connectivity","target":"region2.v2.argotunnel.com","status":"pass","details":"HTTP/2 connection successful","time":"2026-06-21T16:08:06Z","message":"precheck"}
{"level":"info","run_id":"d01def66-64b5-4e6e-8c0a-dc74fc5d3eb3","component":"Cloudflare API","target":"api.cloudflare.com:443","status":"pass","details":"API is reachable","time":"2026-06-21T16:08:06Z","message":"precheck"}
{"level":"info","run_id":"d01def66-64b5-4e6e-8c0a-dc74fc5d3eb3","hard_fail":false,"suggested_protocol":"quic","time":"2026-06-21T16:08:06Z","message":"precheck complete"}
{"level":"info","event":0,"connection":"f02ac84f-b87b-4c7f-873d-eab7d143c95c","connIndex":0,"location":"del02","ip":"198.41.192.67","protocol":"quic","time":"2026-06-21T16:08:06Z","message":"Registered tunnel connection"}
{"level":"info","time":"2026-06-21T16:09:15Z","message":"Thank you for trying Cloudflare Tunnel. Doing so, without a Cloudflare account, is a quick way to experiment and try it out. However, be aware that these account-less Tunnels have no uptime guarantee, are subject to the Cloudflare Online Services Terms of Use (https://www.cloudflare.com/website-terms/), and Cloudflare reserves the right to investigate your use of Tunnels for violations of such terms. If you intend to use Tunnels in production you should use a pre-created named tunnel by following: https://developers.cloudflare.com/cloudflare-one/connections/connect-apps"}
{"level":"info","time":"2026-06-21T16:09:15Z","message":"Requesting new quick Tunnel on trycloudflare.com..."}
{"level":"info","time":"2026-06-21T16:09:21Z","message":"+--------------------------------------------------------------------------------------------+"}
{"level":"info","time":"2026-06-21T16:09:21Z","message":"|  Your quick Tunnel has been created! Visit it at (it may take some time to be reachable):  |"}
{"level":"info","time":"2026-06-21T16:09:21Z","message":"|  https://pond-lite-lit-push.trycloudflare.com                                              |"}
{"level":"info","time":"2026-06-21T16:09:21Z","message":"+--------------------------------------------------------------------------------------------+"}
{"level":"info","time":"2026-06-21T16:09:21Z","message":"Cannot determine default configuration path. No file [config.yml config.yaml] in [~/.cloudflared ~/.cloudflare-warp ~/cloudflare-warp]"}
{"level":"info","time":"2026-06-21T16:09:21Z","message":"Version 2026.6.1 (Checksum 5253e66f1f493c4e13539749f1aa86fd0c61e3072900fec29a44ba046a6d97e2)"}
{"level":"info","time":"2026-06-21T16:09:21Z","message":"GOOS: windows, GOVersion: go1.26.4, GoArch: amd64"}
{"level":"info","time":"2026-06-21T16:09:21Z","message":"Settings: map[ha-connections:1 logfile:G:\\ugc-net-hindi-master\\.logs\\cloudflared.log no-autoupdate:true protocol:quic url:http://localhost:3000]"}
{"level":"info","time":"2026-06-21T16:09:21Z","message":"cloudflared will not automatically update on Windows systems."}
{"level":"info","time":"2026-06-21T16:09:21Z","message":"Generated Connector ID: 6086b50d-68b0-4f39-bdb9-f63c12d73be0"}
{"level":"info","time":"2026-06-21T16:09:21Z","message":"Initial protocol quic"}
{"level":"info","time":"2026-06-21T16:09:21Z","message":"ICMP proxy will use 192.168.29.202 as source for IPv4"}
{"level":"info","time":"2026-06-21T16:09:21Z","message":"ICMP proxy will use ::1 in zone Loopback Pseudo-Interface 1 as source for IPv6"}
{"level":"info","time":"2026-06-21T16:09:21Z","message":"cloudflared does not support loading the system root certificate pool on Windows. Please use --origin-ca-pool <PATH> to specify the path to the certificate pool"}
{"level":"info","time":"2026-06-21T16:09:21Z","message":"ICMP proxy will use 192.168.29.202 as source for IPv4"}
{"level":"info","event":0,"ip":"198.41.200.73","connIndex":0,"time":"2026-06-21T16:09:21Z","message":"Tunnel connection curve preferences: [X25519MLKEM768 CurveID(65074) CurveP256]"}
{"level":"info","time":"2026-06-21T16:09:21Z","message":"ICMP proxy will use ::1 in zone Loopback Pseudo-Interface 1 as source for IPv6"}
{"level":"info","time":"2026-06-21T16:09:21Z","message":"Starting metrics server on 127.0.0.1:20242/metrics"}
{"level":"info","time":"2026-06-21T16:09:21Z","message":"+-------------------------------------------------------------------------------------+"}
{"level":"info","time":"2026-06-21T16:09:21Z","message":"|                               CONNECTIVITY PRE-CHECKS                               |"}
{"level":"info","time":"2026-06-21T16:09:21Z","message":"+-------------------------------------------------------------------------------------+"}
{"level":"info","time":"2026-06-21T16:09:21Z","message":"|  COMPONENT         TARGET                     STATUS  DETAILS                       |"}
{"level":"info","time":"2026-06-21T16:09:21Z","message":"|  DNS Resolution    region1.v2.argotunnel.com  PASS    DNS Resolved successfully     |"}
{"level":"info","time":"2026-06-21T16:09:21Z","message":"|  DNS Resolution    region2.v2.argotunnel.com  PASS    DNS Resolved successfully     |"}
{"level":"info","time":"2026-06-21T16:09:21Z","message":"|  UDP Connectivity  region1.v2.argotunnel.com  PASS    QUIC connection successful    |"}
{"level":"info","time":"2026-06-21T16:09:21Z","message":"|  UDP Connectivity  region2.v2.argotunnel.com  PASS    QUIC connection successful    |"}
{"level":"info","time":"2026-06-21T16:09:21Z","message":"|  TCP Connectivity  region1.v2.argotunnel.com  PASS    HTTP/2 connection successful  |"}
{"level":"info","time":"2026-06-21T16:09:21Z","message":"|  TCP Connectivity  region2.v2.argotunnel.com  PASS    HTTP/2 connection successful  |"}
{"level":"info","time":"2026-06-21T16:09:21Z","message":"|  Cloudflare API    api.cloudflare.com:443     PASS    API is reachable              |"}
{"level":"info","time":"2026-06-21T16:09:21Z","message":"|                                                                                     |"}
{"level":"info","time":"2026-06-21T16:09:21Z","message":"|  SUMMARY: Environment is healthy. cloudflared will use 'quic' as primary protocol.  |"}
{"level":"info","time":"2026-06-21T16:09:21Z","message":"+-------------------------------------------------------------------------------------+"}
{"level":"info","run_id":"23e64ce9-6a09-42d7-a0a3-d3a1eb057aac","component":"DNS Resolution","target":"region1.v2.argotunnel.com","status":"pass","details":"DNS Resolved successfully","time":"2026-06-21T16:09:21Z","message":"precheck"}
{"level":"info","run_id":"23e64ce9-6a09-42d7-a0a3-d3a1eb057aac","component":"DNS Resolution","target":"region2.v2.argotunnel.com","status":"pass","details":"DNS Resolved successfully","time":"2026-06-21T16:09:21Z","message":"precheck"}
{"level":"info","run_id":"23e64ce9-6a09-42d7-a0a3-d3a1eb057aac","component":"UDP Connectivity","target":"region1.v2.argotunnel.com","status":"pass","details":"QUIC connection successful","time":"2026-06-21T16:09:21Z","message":"precheck"}
{"level":"info","run_id":"23e64ce9-6a09-42d7-a0a3-d3a1eb057aac","component":"UDP Connectivity","target":"region2.v2.argotunnel.com","status":"pass","details":"QUIC connection successful","time":"2026-06-21T16:09:21Z","message":"precheck"}
{"level":"info","run_id":"23e64ce9-6a09-42d7-a0a3-d3a1eb057aac","component":"TCP Connectivity","target":"region1.v2.argotunnel.com","status":"pass","details":"HTTP/2 connection successful","time":"2026-06-21T16:09:21Z","message":"precheck"}
{"level":"info","run_id":"23e64ce9-6a09-42d7-a0a3-d3a1eb057aac","component":"TCP Connectivity","target":"region2.v2.argotunnel.com","status":"pass","details":"HTTP/2 connection successful","time":"2026-06-21T16:09:21Z","message":"precheck"}
{"level":"info","run_id":"23e64ce9-6a09-42d7-a0a3-d3a1eb057aac","component":"Cloudflare API","target":"api.cloudflare.com:443","status":"pass","details":"API is reachable","time":"2026-06-21T16:09:21Z","message":"precheck"}
{"level":"info","run_id":"23e64ce9-6a09-42d7-a0a3-d3a1eb057aac","hard_fail":false,"suggested_protocol":"quic","time":"2026-06-21T16:09:21Z","message":"precheck complete"}
{"level":"info","event":0,"connection":"a3cd3e79-ea4f-4ce6-a540-57da3fa91cfc","connIndex":0,"location":"del06","ip":"198.41.200.73","protocol":"quic","time":"2026-06-21T16:09:22Z","message":"Registered tunnel connection"}
{"level":"info","time":"2026-06-21T16:21:59Z","message":"Thank you for trying Cloudflare Tunnel. Doing so, without a Cloudflare account, is a quick way to experiment and try it out. However, be aware that these account-less Tunnels have no uptime guarantee, are subject to the Cloudflare Online Services Terms of Use (https://www.cloudflare.com/website-terms/), and Cloudflare reserves the right to investigate your use of Tunnels for violations of such terms. If you intend to use Tunnels in production you should use a pre-created named tunnel by following: https://developers.cloudflare.com/cloudflare-one/connections/connect-apps"}
{"level":"info","time":"2026-06-21T16:21:59Z","message":"Requesting new quick Tunnel on trycloudflare.com..."}
{"level":"info","time":"2026-06-21T16:22:05Z","message":"+--------------------------------------------------------------------------------------------+"}
{"level":"info","time":"2026-06-21T16:22:05Z","message":"|  Your quick Tunnel has been created! Visit it at (it may take some time to be reachable):  |"}
{"level":"info","time":"2026-06-21T16:22:05Z","message":"|  https://kiss-permitted-fundamentals-criticism.trycloudflare.com                           |"}
{"level":"info","time":"2026-06-21T16:22:05Z","message":"+--------------------------------------------------------------------------------------------+"}
{"level":"info","time":"2026-06-21T16:22:05Z","message":"Cannot determine default configuration path. No file [config.yml config.yaml] in [~/.cloudflared ~/.cloudflare-warp ~/cloudflare-warp]"}
{"level":"info","time":"2026-06-21T16:22:05Z","message":"Version 2026.6.1 (Checksum 5253e66f1f493c4e13539749f1aa86fd0c61e3072900fec29a44ba046a6d97e2)"}
{"level":"info","time":"2026-06-21T16:22:05Z","message":"GOOS: windows, GOVersion: go1.26.4, GoArch: amd64"}
{"level":"info","time":"2026-06-21T16:22:05Z","message":"Settings: map[ha-connections:1 logfile:G:\\ugc-net-hindi-master\\.logs\\cloudflared.log no-autoupdate:true protocol:quic url:http://localhost:3000]"}
{"level":"info","time":"2026-06-21T16:22:05Z","message":"cloudflared will not automatically update on Windows systems."}
{"level":"info","time":"2026-06-21T16:22:05Z","message":"Generated Connector ID: 27368be9-8922-41df-9048-21077fab0166"}
{"level":"info","time":"2026-06-21T16:22:05Z","message":"Initial protocol quic"}
{"level":"info","time":"2026-06-21T16:22:05Z","message":"ICMP proxy will use 192.168.29.202 as source for IPv4"}
{"level":"info","time":"2026-06-21T16:22:05Z","message":"ICMP proxy will use ::1 in zone Loopback Pseudo-Interface 1 as source for IPv6"}
{"level":"info","time":"2026-06-21T16:22:05Z","message":"cloudflared does not support loading the system root certificate pool on Windows. Please use --origin-ca-pool <PATH> to specify the path to the certificate pool"}
{"level":"info","time":"2026-06-21T16:22:05Z","message":"ICMP proxy will use 192.168.29.202 as source for IPv4"}
{"level":"info","event":0,"ip":"198.41.200.23","connIndex":0,"time":"2026-06-21T16:22:05Z","message":"Tunnel connection curve preferences: [X25519MLKEM768 CurveID(65074) CurveP256]"}
{"level":"info","time":"2026-06-21T16:22:05Z","message":"ICMP proxy will use ::1 in zone Loopback Pseudo-Interface 1 as source for IPv6"}
{"level":"info","time":"2026-06-21T16:22:05Z","message":"Starting metrics server on 127.0.0.1:20242/metrics"}
{"level":"info","time":"2026-06-21T16:22:05Z","message":"+-------------------------------------------------------------------------------------+"}
{"level":"info","time":"2026-06-21T16:22:05Z","message":"|                               CONNECTIVITY PRE-CHECKS                               |"}
{"level":"info","time":"2026-06-21T16:22:05Z","message":"+-------------------------------------------------------------------------------------+"}
{"level":"info","time":"2026-06-21T16:22:05Z","message":"|  COMPONENT         TARGET                     STATUS  DETAILS                       |"}
{"level":"info","time":"2026-06-21T16:22:05Z","message":"|  DNS Resolution    region1.v2.argotunnel.com  PASS    DNS Resolved successfully     |"}
{"level":"info","time":"2026-06-21T16:22:05Z","message":"|  DNS Resolution    region2.v2.argotunnel.com  PASS    DNS Resolved successfully     |"}
{"level":"info","time":"2026-06-21T16:22:05Z","message":"|  UDP Connectivity  region1.v2.argotunnel.com  PASS    QUIC connection successful    |"}
{"level":"info","time":"2026-06-21T16:22:05Z","message":"|  UDP Connectivity  region2.v2.argotunnel.com  PASS    QUIC connection successful    |"}
{"level":"info","time":"2026-06-21T16:22:05Z","message":"|  TCP Connectivity  region1.v2.argotunnel.com  PASS    HTTP/2 connection successful  |"}
{"level":"info","time":"2026-06-21T16:22:05Z","message":"|  TCP Connectivity  region2.v2.argotunnel.com  PASS    HTTP/2 connection successful  |"}
{"level":"info","time":"2026-06-21T16:22:05Z","message":"|  Cloudflare API    api.cloudflare.com:443     PASS    API is reachable              |"}
{"level":"info","time":"2026-06-21T16:22:05Z","message":"|                                                                                     |"}
{"level":"info","time":"2026-06-21T16:22:05Z","message":"|  SUMMARY: Environment is healthy. cloudflared will use 'quic' as primary protocol.  |"}
{"level":"info","time":"2026-06-21T16:22:05Z","message":"+-------------------------------------------------------------------------------------+"}
{"level":"info","run_id":"8daf3597-a4e3-4db0-a8b0-ba1f4bdcfae7","component":"DNS Resolution","target":"region1.v2.argotunnel.com","status":"pass","details":"DNS Resolved successfully","time":"2026-06-21T16:22:05Z","message":"precheck"}
{"level":"info","run_id":"8daf3597-a4e3-4db0-a8b0-ba1f4bdcfae7","component":"DNS Resolution","target":"region2.v2.argotunnel.com","status":"pass","details":"DNS Resolved successfully","time":"2026-06-21T16:22:05Z","message":"precheck"}
{"level":"info","run_id":"8daf3597-a4e3-4db0-a8b0-ba1f4bdcfae7","component":"UDP Connectivity","target":"region1.v2.argotunnel.com","status":"pass","details":"QUIC connection successful","time":"2026-06-21T16:22:05Z","message":"precheck"}
{"level":"info","run_id":"8daf3597-a4e3-4db0-a8b0-ba1f4bdcfae7","component":"UDP Connectivity","target":"region2.v2.argotunnel.com","status":"pass","details":"QUIC connection successful","time":"2026-06-21T16:22:05Z","message":"precheck"}
{"level":"info","run_id":"8daf3597-a4e3-4db0-a8b0-ba1f4bdcfae7","component":"TCP Connectivity","target":"region1.v2.argotunnel.com","status":"pass","details":"HTTP/2 connection successful","time":"2026-06-21T16:22:05Z","message":"precheck"}
{"level":"info","run_id":"8daf3597-a4e3-4db0-a8b0-ba1f4bdcfae7","component":"TCP Connectivity","target":"region2.v2.argotunnel.com","status":"pass","details":"HTTP/2 connection successful","time":"2026-06-21T16:22:05Z","message":"precheck"}
{"level":"info","run_id":"8daf3597-a4e3-4db0-a8b0-ba1f4bdcfae7","component":"Cloudflare API","target":"api.cloudflare.com:443","status":"pass","details":"API is reachable","time":"2026-06-21T16:22:05Z","message":"precheck"}
{"level":"info","run_id":"8daf3597-a4e3-4db0-a8b0-ba1f4bdcfae7","hard_fail":false,"suggested_protocol":"quic","time":"2026-06-21T16:22:05Z","message":"precheck complete"}
{"level":"info","event":0,"connection":"14eb8d7a-856c-4b4b-adfa-28dcf124e26c","connIndex":0,"location":"del03","ip":"198.41.200.23","protocol":"quic","time":"2026-06-21T16:22:05Z","message":"Registered tunnel connection"}
